// license:BSD-3-Clause

@source:ksys573.cpp
bassang2                        // 1998 - Bass Angler 2 (GE865 VER. JAA)
bassangl                        // 1998 - Bass Angler (GE765 VER. JAA)
cr589fw                         // 1999 - CR-589 Firmware (700B04)
cr589fwa                        // 1999 - CR-589 Firmware (700A04)
darkhleg                        // 1998 - Dark Horse Legend (GX706 VER. JAA)
ddr2m                           // 1999 - Dance Dance Revolution 2nd Mix (GN895 VER. JAA)
ddr2mc                          // 1999 - Dance Dance Revolution 2nd Mix with beatmaniaIIDX CLUB VERSiON (GE896 VER. JAA)
ddr2mc2                         // 1999 - Dance Dance Revolution 2nd Mix with beatmaniaIIDX substream CLUB VERSiON 2 (GE984 VER. JAA)
ddr2ml                          // 1999 - Dance Dance Revolution 2nd Mix - Link Ver (GE885 VER. JAB)
ddr2mla                         // 1999 - Dance Dance Revolution 2nd Mix - Link Ver (GE885 VER. JAA)
ddr3ma                          // 1999 - Dance Dance Revolution 3rd Mix (GN887 VER. AAA)
ddr3mj                          // 1999 - Dance Dance Revolution 3rd Mix (GN887 VER. JAA)
ddr3mk                          // 2000 - Dance Dance Revolution 3rd Mix - Ver.Korea2 (GN887 VER. KBA)
ddr3mka                         // 2000 - Dance Dance Revolution 3rd Mix - Ver.Korea (GN887 VER. KAA)
ddr3mp                          // 2000 - Dance Dance Revolution 3rd Mix Plus (G*A22 VER. JAA)
ddr4m                           // 2000 - Dance Dance Revolution 4th Mix (G*A33 VER. AAA)
ddr4mj                          // 2000 - Dance Dance Revolution 4th Mix (G*A33 VER. JAA)
ddr4mp                          // 2000 - Dance Dance Revolution 4th Mix Plus (G*A34 VER. JAA)
ddr4mps                         // 2000 - Dance Dance Revolution 4th Mix Plus Solo (G*A34 VER. JBA)
ddr4ms                          // 2000 - Dance Dance Revolution Solo 4th Mix (G*A33 VER. ABA)
ddr4msj                         // 2000 - Dance Dance Revolution Solo 4th Mix (G*A33 VER. JBA)
ddr5m                           // 2001 - Dance Dance Revolution 5th Mix (G*A27 VER. JAA)
ddra                            // 1999 - Dance Dance Revolution (GN845 VER. AAA)
ddrbocd                         // 1999 - Dance Dance Revolution Best of Cool Dancers (GE892 VER. JAA)
ddrextrm                        // 2002 - Dance Dance Revolution Extreme (G*C36 VER. JAA)
ddrj                            // 1998 - Dance Dance Revolution - Internet Ranking Ver (GC845 VER. JBA)
ddrja                           // 1998 - Dance Dance Revolution (GC845 VER. JAA)
ddrjb                           // 1998 - Dance Dance Revolution (GC845 VER. JAB)
ddrmax                          // 2001 - DDR Max - Dance Dance Revolution 6th Mix (G*B19 VER. JAA)
ddrmax2                         // 2002 - DDR Max 2 - Dance Dance Revolution 7th Mix (G*B20 VER. JAA)
ddrs2k                          // 1999 - Dance Dance Revolution Solo 2000 (GC905 VER. AAA)
ddrs2kj                         // 1999 - Dance Dance Revolution Solo 2000 (GC905 VER. JAA)
ddrsbm                          // 1999 - Dance Dance Revolution Solo Bass Mix (GQ894 VER. JAA)
ddru                            // 1999 - Dance Dance Revolution (GN845 VER. UAA)
ddrusa                          // 2000 - Dance Dance Revolution USA (G*A44 VER. UAA)
dmx                             // 2000 - Dance Maniax (G*874 VER. JAA)
dmx2m                           // 2000 - Dance Maniax 2nd Mix (G*A39 VER. JAA)
dmx2majp                        // 2001 - Dance Maniax 2nd Mix Append J-Paradise (G*A38 VER. JAA
dncfrks                         // 2000 - Dance Freaks (G*874 VER. KAA)
drmn                            // 1999 - DrumMania (GQ881 VER. JAD)
drmn10m                         // 2004 - DrumMania 10th Mix (G*D40 VER. JAA)
drmn2m                          // 1999 - DrumMania 2nd Mix (GE912 VER. JAB)
drmn2mpu                        // 1999 - DrumMania 2nd Mix Session Power Up Kit (GE912 VER. JAB)
drmn3m                          // 2000 - DrumMania 3rd Mix (G*A23 VER. JAA)
drmn4m                          // 2000 - DrumMania 4th Mix (G*A25 VER. JAA)
drmn5m                          // 2001 - DrumMania 5th Mix (G*B05 VER. JAA)
drmn6m                          // 2001 - DrumMania 6th Mix (G*B16 VER. JAA)
drmn7m                          // 2002 - DrumMania 7th Mix power-up ver. (G*C07 VER. JBA)
drmn7ma                         // 2002 - DrumMania 7th Mix (G*C07 VER. JAA)
drmn8m                          // 2003 - DrumMania 8th Mix (G*C38 VER. JAA)
drmn9m                          // 2003 - DrumMania 9th Mix (G*D09 VER. JAA)
dsem                            // 2000 - Dancing Stage Euro Mix (G*936 VER. EAA)
dsem2                           // 2002 - Dancing Stage Euro Mix 2 (G*C23 VER. EAA)
dsfdct                          // 1999 - Dancing Stage featuring Dreams Come True (GC910 VER. JCA)
dsfdcta                         // 1999 - Dancing Stage featuring Dreams Come True (GC910 VER. JAA)
dsfdr                           // 2000 - Dancing Stage Featuring Disney's Rave (GCA37JAA)
dsftkd                          // 1999 - Dancing Stage featuring TRUE KiSS DESTiNATiON (G*884 VER. JAA)
dstage                          // 1999 - Dancing Stage - Internet Ranking Ver (GC845 VER. EBA)
dstagea                         // 1999 - Dancing Stage (GN845 VER. EAA)
fbait2bc                        // 1998 - Fisherman's Bait 2 - A Bass Challenge (GE865 VER. UAB)
fbaitbc                         // 1998 - Fisherman's Bait - A Bass Challenge (GE765 VER. UAB)
fbaitmc                         // 1999 - Fisherman's Bait - Marlin Challenge (GX889 VER. EA)
fbaitmca                        // 1999 - Fisherman's Bait - Marlin Challenge (GX889 VER. AA)
fbaitmcj                        // 1999 - Fisherman's Bait - Marlin Challenge (GX889 VER. JA)
fbaitmcu                        // 1999 - Fisherman's Bait - Marlin Challenge (GX889 VER. UA)
fghtmn                          // 2000 - Fighting Mania (QG918 VER. EAA)
fghtmna                         // 2000 - Fighting Mania (QG918 VER. AAA)
fghtmnk                         // 2000 - Fighting Mania (QG918 VER. KAA)
fghtmnu                         // 2000 - Fighting Mania (QG918 VER. IAA)
gchgchmp                        // 1999 - Gachaga Champ (GE877 VER. JAB)
gtfrk10m                        // 2003 - Guitar Freaks 10th Mix (G*D10 VER. JAB)
gtfrk10ma                       // 2003 - Guitar Freaks 10th Mix (G*D10 VER. JAA)
gtfrk10mb                       // 2003 - Guitar Freaks 10th Mix eAmusement (G*D10 VER. JBA)
gtfrk11m                        // 2004 - Guitar Freaks 11th Mix (G*D39 VER. JAA)
gtfrk3ma                        // 2000 - Guitar Freaks 3rd Mix (GE949 VER. JAB)
gtfrk3mb                        // 2000 - Guitar Freaks 3rd Mix - security cassette versionup (949JAZ02)
gtrfrk2m                        // 1999 - Guitar Freaks 2nd Mix Ver 1.01 (GQ883 VER. JAD)
gtrfrk3m                        // 2000 - Guitar Freaks 3rd Mix (GE949 VER. JAC)
gtrfrk4m                        // 2000 - Guitar Freaks 4th Mix (G*A24 VER. JAA)
gtrfrk5m                        // 2001 - Guitar Freaks 5th Mix (G*A26 VER. JAA)
gtrfrk6m                        // 2001 - Guitar Freaks 6th Mix (G*B06 VER. JAA)
gtrfrk7m                        // 2001 - Guitar Freaks 7th Mix (G*B17 VER. JAA)
gtrfrk8m                        // 2002 - Guitar Freaks 8th Mix power-up ver. (G*C08 VER. JBA)
gtrfrk8ma                       // 2002 - Guitar Freaks 8th Mix (G*C08 VER. JAA)
gtrfrk9m                        // 2003 - Guitar Freaks 9th Mix (G*C39 VER. JAA)
gtrfrks                         // 1999 - Guitar Freaks (GQ886 VER. EAC)
gtrfrksa                        // 1999 - Guitar Freaks (GQ886 VER. AAC)
gtrfrksj                        // 1999 - Guitar Freaks (GQ886 VER. JAC)
gtrfrksu                        // 1999 - Guitar Freaks (GQ886 VER. UAC)
gunmania                        // 2000 - GunMania (GL906 VER. JAA)
strgchmp                        // 1997 - Steering Champ (GQ710 VER. UAA)
hndlchmp                        // 1997 - Handle Champ (GQ710 VER. JAB)
hypbbc2p                        // 1999 - Hyper Bishi Bashi Champ - 2 Player (GX908 1999/08/24 VER. JAA)
hypbbc2pk                       // 1999 - Hyper Bishi Bashi Champ - 2 Player (GX908 1999/08/24 VER. KAA)
hyperbbc                        // 1998 - Hyper Bishi Bashi (GQ876 VER. EAA)
hyperbbca                       // 1998 - Hyper Bishi Bashi (GQ876 VER. AAA)
hyperbbck                       // 1998 - Hyper Bishi Bashi (GE876 VER. KAA)
jppyex98                        // 1998 - Jikkyou Powerful Pro Yakyuu EX '98 (GC811 VER. JAA)
konam80a                        // 1998 - Konami 80's AC Special (GC826 VER. AAA)
konam80j                        // 1998 - Konami 80's Gallery (GC826 VER. JAA)
konam80k                        // 1998 - Konami 80's AC Special (GC826 VER. KAA)
konam80s                        // 1998 - Konami 80's AC Special (GC826 VER. EAA)
konam80u                        // 1998 - Konami 80's AC Special (GC826 VER. UAA)
mamboagg                        // 2001 - Mambo A Go-Go (GQA40 VER. JAB)
mamboagga                       // 2001 - Mambo A Go-Go e-Amusement (GQA40 VER. JRB)
mrtlbeat                        // 2002 - Martial Beat (Martial Beat (G*B47 VER. JBA)
pcnfrk2m                        // 2000 - Percussion Freaks 2rd Mix
pcnfrk3m                        // 2000 - Percussion Freaks 3rd Mix (G*A23 VER. KAA)
pcnfrk4m                        // 2000 - Percussion Freaks 4rd Mix (G*A25 VER. AAA)
pcnfrk5m                        // 2001 - Percussion Freaks 5th Mix (G*B05 VER. KAA)
pnchmn                          // 2000 - Punch Mania: Hokuto No Ken (GQ918 VER. JAB)
pnchmn2                         // 2000 - Punch Mania 2: Hokuto No Ken (GQA09 JAA)
pnchmna                         // 2000 - Punch Mania: Hokuto No Ken (GQ918 VER. JAB, ALT CD)
powyakex                        // 1998 - Jikkyou Powerful Pro Yakyuu EX (GX802 VER. JAB)
salarymc                        // 2000 - Salary Man Champ (G*A18 VER. JAA)
stepchmp                        // 1999 - Step Champ (GE930 VER. JA)
sys573                          //
