// license:BSD-3-Clause
// copyright-holders:Aaron Giles
/******************************************************************************

    nl.lst

    List of all drivers using netlist code. This file is parsed by then
    genie build system.

******************************************************************************/

/* Use CPUs */

@source:1942.cpp
1942                            // 12/1984 (c) 1984
1942a                           // 12/1984 (c) 1984
1942abl                         // bootleg
1942b                           // 12/1984 (c) 1984
1942w                           // 12/1984 (c) 1984 + Williams Electronics license (c) 1985
1942p                           // prototype
1942h                           // hack (Two Bit Score?)

@source:gamemachine.cpp
2001tgm                         //

@source:hazeltin.cpp
hazl1500                        // Hazeltine 1500 (c) 1977

@source:m62.cpp                 // m62.cpp
battroad                        // (c) 1984
horizon                         // (c) 1985
kidniki                         // (c) 1986 + Data East USA license
kidnikiu                        // (c) 1986 + Data East USA license
kungfub                         // bootleg
kungfub2                        // bootleg
kungfum                         // (c) 1984
kungfumd                        // (c) 1984 + Data East license
ldrun                           // (c) 1984 licensed from Broderbund
ldrun2                          // (c) 1984 licensed from Broderbund
ldrun3                          // (c) 1985 licensed from Broderbund
ldrun3j                         // (c) 1985 licensed from Broderbund
ldrun4                          // (c) 1986 licensed from Broderbund
ldruna                          // (c) 1984 licensed from Broderbund
lithero                         // bootleg
lotlot                          // (c) 1985 licensed from Tokuma Shoten
spartanx                        // (c) 1984 (Japan)
spelunk2                        // (c) 1986 licensed from Broderbund
spelunkr                        // (c) 1985 licensed from Broderbund
spelunkrj                       // (c) 1985 licensed from Broderbund
yanchamr                        // (c) 1986 (Japan)
youjyudn                        // (c) 1986 (Japan)

@source:mario.cpp
mario                           // (c) 1983 Nintendo of America
mariof                          // (c) 1983 Nintendo of America
marioe                          // (c) 1983 Nintendo of America
marioj                          // (c) 1983 Nintendo
masao                           // bootleg

@source:palestra.cpp
palestra

@source:popeye.cpp
popeye                          // (c) 1982
popeyeu                         // (c) 1982
popeyef                         // (c) 1982
popeyebl                        // bootleg

@source:testpat.cpp
tp1983
tp1985

/******************************************************************************/

/* Do not use CPUs */

@source:atarittl.cpp
antiairc                        // (c) 1975 Atari
crashnsc                        // (c) 1975 Atari
gtrak10                         // (c) 1974 Atari / Kee
gtrak10a                        // (c) 1974 Atari / Kee
gtrak20                         // (c) 1974 Atari / Kee
indy4                           // (c) 1976 Atari / Kee
indy800                         // (c) 1975 Atari / Kee
jetfight                        // (c) 1975 Atari
jetfighta                       // (c) 1975 Atari
lemans                          // (c) 1976 Atari
outlaw                          // (c) 1976 Atari
qwakttl                         // (c) 1974 Atari
sharkjaw                        // (c) 1975 Atari / Horror Games
steeplec                        // (c) 1975 Atari
stuntcyc                        // (c) 1976 Atari
tank                            // (c) 1974 Atari / Kee
tankii                          // (c) 1975 Atari / Kee

@source:pong.cpp
breakout                        // (c) 1976 Atari
pong                            // (c) 1972 Atari
pongd                           // (c) 1973 Atari
pongf                           // (c) 1972 Atari
rebound                         //

@source:cheekyms.cpp
cheekyms                        // 8004 (c) [1980?]

@source:cocoloco.cpp
cocoloco                        // 198?, Petaco S.A.
cocolocoa                       // 198?, Recel S.A.
cocolocob                       // 198?, Petaco S.A.

@source:zaccaria.cpp
jackrabt                        // (c) 1984
jackrabt2                       // (c) 1984
jackrabts                       // (c) 1984
monymony                        // (c) 1983

// ******************************************************************************
// Skeletons
// ******************************************************************************

@source:a1supply.cpp
tv21                            // (c) 197? A-1 Supply
tv21_3                          // (c) 197? A-1 Supply
tvpoker                         // (c) 197? A-1 Supply

@source:aleisttl.cpp
sburners                        // (c) 1975 Allied Leisure

@source:bailey.cpp
fun4                            // (c) 1976 Bailey
fun4a                           // (c) 1976 Bailey

@source:chicago.cpp
dmodrbcc                        // (c) 1976 Chicago Coin

@source:electra.cpp
avenger                         // (c) 1975 Electra

@source:exidyttl.cpp
attckexd                        // (c) 1977 Exidy
attckexd2                       // (c) 1977 Exidy
deathrac                        // (c) 1976 Exidy
rhunting                        // bootleg of deathrac

@source:fungames.cpp
biplane4                        // (c) 1976 Fun Games
take5                           // (c) 1975 Fun Games

@source:meadwttl.cpp
bombaway                        // (c) 1976 Meadows
cgunship                        // (c) 1976 Meadows
ckidzo                          // (c) 1976 Meadows
mead4in1                        // (c) 197? Meadows

@source:monacogp.cpp
monacogp                        // (c) 1980 Sega
monacogpa                       // (c) 1980 Sega

@source:pse.cpp
bazooka                         // (c) 1976 PSE
bazookabr                       // (c) 1977 Taito do Brasil
dpatrol                         // (c) 1977 PSE
dpatrola                        // (c) 1977 PSE / Telegames
gametree                        // (c) 1978 PSE

@source:ramtek.cpp
bballrmt                        // (c) 1974 Ramtek
cleanswp                        // (c) 1974 Ramtek
hockyrmt                        // (c) 1973 Ramtek
soccrrmt                        // (c) 1973 Ramtek
trivia                          // (c) 1976 Ramtek
vollyrmt                        // (c) 1973 Ramtek
wipeormt                        // (c) 1974 Ramtek

@source:segattl.cpp
fonz                            //

@source:taitottl.cpp
fisco400                        // (c) 1977 Taito
gunman                          // (c) 1977 Taito
missilex                        // (c) 1977 Taito
ttblock                         // (c) 1977 Taito
ttsracec                        // (c) 1978 Taito
zzblock                         // (c) 1979 Taito

@source:usbilliards.cpp
sharkusb                        // (c) 1975 US Billiards





