# license:BSD-3-Clause
# copyright-holders:Olivier Galibert
# m6510_family - identical to 6502, except for some undocumented instructions that have to be handled specifically
brk_imp     ora_idx     kil_non     slo_idx     nop_zpg     ora_zpg     asl_zpg     slo_zpg     php_imp     ora_imm     asl_acc     anc_10_imm  nop_aba     ora_aba     asl_aba     slo_aba
bpl_rel     ora_idy     kil_non     slo_idy     nop_zpx     ora_zpx     asl_zpx     slo_zpx     clc_imp     ora_aby     nop_imp     slo_aby     nop_abx     ora_abx     asl_abx     slo_abx
jsr_adr     and_idx     kil_non     rla_idx     bit_zpg     and_zpg     rol_zpg     rla_zpg     plp_imp     and_imm     rol_acc     anc_10_imm  bit_aba     and_aba     rol_aba     rla_aba
bmi_rel     and_idy     kil_non     rla_idy     nop_zpx     and_zpx     rol_zpx     rla_zpx     sec_imp     and_aby     nop_imp     rla_aby     nop_abx     and_abx     rol_abx     rla_abx
rti_imp     eor_idx     kil_non     sre_idx     nop_zpg     eor_zpg     lsr_zpg     sre_zpg     pha_imp     eor_imm     lsr_acc     asr_10_imm  jmp_adr     eor_aba     lsr_aba     sre_aba
bvc_rel     eor_idy     kil_non     sre_idy     nop_zpx     eor_zpx     lsr_zpx     sre_zpx     cli_imp     eor_aby     nop_imp     sre_aby     nop_abx     eor_abx     lsr_abx     sre_abx
rts_imp     adc_idx     kil_non     rra_idx     nop_zpg     adc_zpg     ror_zpg     rra_zpg     pla_imp     adc_imm     ror_acc     arr_10_imm  jmp_ind     adc_aba     ror_aba     rra_aba
bvs_rel     adc_idy     kil_non     rra_idy     nop_zpx     adc_zpx     ror_zpx     rra_zpx     sei_imp     adc_aby     nop_imp     rra_aby     nop_abx     adc_abx     ror_abx     rra_abx
nop_imm     sta_idx     nop_imm     sax_idx     sty_zpg     sta_zpg     stx_zpg     sax_zpg     dey_imp     nop_imm     txa_imp     ane_10_imm  sty_aba     sta_aba     stx_aba     sax_aba
bcc_rel     sta_idy     kil_non     sha_idy     sty_zpx     sta_zpx     stx_zpy     sax_zpy     tya_imp     sta_aby     txs_imp     shs_aby     shy_abx     sta_abx     shx_aby     sha_aby
ldy_imm     lda_idx     ldx_imm     lax_idx     ldy_zpg     lda_zpg     ldx_zpg     lax_zpg     tay_imp     lda_imm     tax_imp     lxa_10_imm  ldy_aba     lda_aba     ldx_aba     lax_aba
bcs_rel     lda_idy     kil_non     lax_idy     ldy_zpx     lda_zpx     ldx_zpy     lax_zpy     clv_imp     lda_aby     tsx_imp     las_10_aby  ldy_abx     lda_abx     ldx_aby     lax_aby
cpy_imm     cmp_idx     nop_imm     dcp_idx     cpy_zpg     cmp_zpg     dec_zpg     dcp_zpg     iny_imp     cmp_imm     dex_imp     sbx_imm     cpy_aba     cmp_aba     dec_aba     dcp_aba
bne_rel     cmp_idy     kil_non     dcp_idy     nop_zpx     cmp_zpx     dec_zpx     dcp_zpx     cld_imp     cmp_aby     nop_imp     dcp_aby     nop_abx     cmp_abx     dec_abx     dcp_abx
cpx_imm     sbc_idx     nop_imm     isb_idx     cpx_zpg     sbc_zpg     inc_zpg     isb_zpg     inx_imp     sbc_imm     nop_imp     sbc_imm     cpx_aba     sbc_aba     inc_aba     isb_aba
beq_rel     sbc_idy     kil_non     isb_idy     nop_zpx     sbc_zpx     inc_zpx     isb_zpx     sed_imp     sbc_aby     nop_imp     isb_aby     nop_abx     sbc_abx     inc_abx     isb_abx
reset
