# license:BSD-3-Clause
# copyright-holders:Olivier Galibert
# m6502 MTU - external circuitry for transparent banking handling
brk_mtu_imp ora_mtu_idx kil_mtu_non slo_mtu_idx nop_mtu_zpg ora_mtu_zpg asl_mtu_zpg slo_mtu_zpg php_mtu_imp ora_mtu_imm asl_mtu_acc anc_mtu_imm nop_mtu_aba ora_mtu_aba asl_mtu_aba slo_mtu_aba
bpl_mtu_rel ora_mtu_idy kil_mtu_non slo_mtu_idy nop_mtu_zpx ora_mtu_zpx asl_mtu_zpx slo_mtu_zpx clc_mtu_imp ora_mtu_aby nop_mtu_imp slo_mtu_aby nop_mtu_abx ora_mtu_abx asl_mtu_abx slo_mtu_abx
jsr_mtu_adr and_mtu_idx kil_mtu_non rla_mtu_idx bit_mtu_zpg and_mtu_zpg rol_mtu_zpg rla_mtu_zpg plp_mtu_imp and_mtu_imm rol_mtu_acc anc_mtu_imm bit_mtu_aba and_mtu_aba rol_mtu_aba rla_mtu_aba
bmi_mtu_rel and_mtu_idy kil_mtu_non rla_mtu_idy nop_mtu_zpx and_mtu_zpx rol_mtu_zpx rla_mtu_zpx sec_mtu_imp and_mtu_aby nop_mtu_imp rla_mtu_aby nop_mtu_abx and_mtu_abx rol_mtu_abx rla_mtu_abx
rti_mtu_imp eor_mtu_idx kil_mtu_non sre_mtu_idx nop_mtu_zpg eor_mtu_zpg lsr_mtu_zpg sre_mtu_zpg pha_mtu_imp eor_mtu_imm lsr_mtu_acc asr_mtu_imm jmp_mtu_adr eor_mtu_aba lsr_mtu_aba sre_mtu_aba
bvc_mtu_rel eor_mtu_idy kil_mtu_non sre_mtu_idy nop_mtu_zpx eor_mtu_zpx lsr_mtu_zpx sre_mtu_zpx cli_mtu_imp eor_mtu_aby nop_mtu_imp sre_mtu_aby nop_mtu_abx eor_mtu_abx lsr_mtu_abx sre_mtu_abx
rts_mtu_imp adc_mtu_idx kil_mtu_non rra_mtu_idx nop_mtu_zpg adc_mtu_zpg ror_mtu_zpg rra_mtu_zpg pla_mtu_imp adc_mtu_imm ror_mtu_acc arr_mtu_imm jmp_mtu_ind adc_mtu_aba ror_mtu_aba rra_mtu_aba
bvs_mtu_rel adc_mtu_idy kil_mtu_non rra_mtu_idy nop_mtu_zpx adc_mtu_zpx ror_mtu_zpx rra_mtu_zpx sei_mtu_imp adc_mtu_aby nop_mtu_imp rra_mtu_aby nop_mtu_abx adc_mtu_abx ror_mtu_abx rra_mtu_abx
nop_mtu_imm sta_mtu_idx nop_mtu_imm sax_mtu_idx sty_mtu_zpg sta_mtu_zpg stx_mtu_zpg sax_mtu_zpg dey_mtu_imp nop_mtu_imm txa_mtu_imp ane_mtu_imm sty_mtu_aba sta_mtu_aba stx_mtu_aba sax_mtu_aba
bcc_mtu_rel sta_mtu_idy kil_mtu_non sha_mtu_idy sty_mtu_zpx sta_mtu_zpx stx_mtu_zpy sax_mtu_zpy tya_mtu_imp sta_mtu_aby txs_mtu_imp shs_mtu_aby shy_mtu_abx sta_mtu_abx shx_mtu_aby sha_mtu_aby
ldy_mtu_imm lda_mtu_idx ldx_mtu_imm lax_mtu_idx ldy_mtu_zpg lda_mtu_zpg ldx_mtu_zpg lax_mtu_zpg tay_mtu_imp lda_mtu_imm tax_mtu_imp lxa_mtu_imm ldy_mtu_aba lda_mtu_aba ldx_mtu_aba lax_mtu_aba
bcs_mtu_rel lda_mtu_idy kil_mtu_non lax_mtu_idy ldy_mtu_zpx lda_mtu_zpx ldx_mtu_zpy lax_mtu_zpy clv_mtu_imp lda_mtu_aby tsx_mtu_imp las_mtu_aby ldy_mtu_abx lda_mtu_abx ldx_mtu_aby lax_mtu_aby
cpy_mtu_imm cmp_mtu_idx nop_mtu_imm dcp_mtu_idx cpy_mtu_zpg cmp_mtu_zpg dec_mtu_zpg dcp_mtu_zpg iny_mtu_imp cmp_mtu_imm dex_mtu_imp sbx_mtu_imm cpy_mtu_aba cmp_mtu_aba dec_mtu_aba dcp_mtu_aba
bne_mtu_rel cmp_mtu_idy kil_mtu_non dcp_mtu_idy nop_mtu_zpx cmp_mtu_zpx dec_mtu_zpx dcp_mtu_zpx cld_mtu_imp cmp_mtu_aby nop_mtu_imp dcp_mtu_aby nop_mtu_abx cmp_mtu_abx dec_mtu_abx dcp_mtu_abx
cpx_mtu_imm sbc_mtu_idx nop_mtu_imm isb_mtu_idx cpx_mtu_zpg sbc_mtu_zpg inc_mtu_zpg isb_mtu_zpg inx_mtu_imp sbc_mtu_imm nop_mtu_imp sbc_mtu_imm cpx_mtu_aba sbc_mtu_aba inc_mtu_aba isb_mtu_aba
beq_mtu_rel sbc_mtu_idy kil_mtu_non isb_mtu_idy nop_mtu_zpx sbc_mtu_zpx inc_mtu_zpx isb_mtu_zpx sed_mtu_imp sbc_mtu_aby nop_mtu_imp isb_mtu_aby nop_mtu_abx sbc_mtu_abx inc_mtu_abx isb_mtu_abx
reset_mtu
