# license:BSD-3-Clause
# copyright-holders:David Haywood
# xavix - m6502 with custom opcodes
brk_xav_imp ora_xav_idx  kil_non     slo_xav_idx nop_xav_zpg ora_xav_zpg asl_xav_zpg slo_xav_zpg php_xav_imp ora_imm     asl_acc     anc_imm     nop_aba     ora_aba     asl_aba     slo_aba
bpl_rel     ora_xav_idy  kil_non     slo_xav_idy nop_xav_zpx ora_xav_zpx asl_xav_zpx slo_xav_zpx clc_imp     ora_aby     nop_imp     slo_aby     nop_abx     ora_abx     asl_abx     slo_abx
jsr_xav_adr and_xav_idx  callf_xa3   rla_xav_idx bit_xav_zpg and_xav_zpg rol_xav_zpg rla_xav_zpg plp_xav_imp and_imm     rol_acc     anc_imm     bit_aba     and_aba     rol_aba     rla_aba
bmi_rel     and_xav_idy  kil_non     rla_xav_idy nop_xav_zpx and_xav_zpx rol_xav_zpx rla_xav_zpx sec_imp     and_aby     nop_imp     rla_aby     nop_abx     and_abx     rol_abx     rla_abx
rti_xav_imp eor_xav_idx  kil_non     sre_xav_idx nop_xav_zpg eor_xav_zpg lsr_xav_zpg sre_xav_zpg pha_xav_imp eor_imm     lsr_acc     asr_imm     jmp_adr     eor_aba     lsr_aba     sre_aba
bvc_rel     eor_xav_idy  kil_non     sre_xav_idy nop_xav_zpx eor_xav_zpx lsr_xav_zpx sre_xav_zpx cli_imp     eor_aby     nop_imp     sre_aby     nop_abx     eor_abx     lsr_abx     sre_abx
rts_xav_imp adc_xav_idx  kil_non     rra_xav_idx nop_xav_zpg adc_xav_zpg ror_xav_zpg rra_xav_zpg pla_xav_imp adc_imm     ror_acc     arr_imm     jmp_ind     adc_aba     ror_aba     rra_aba
bvs_rel     adc_xav_idy  kil_non     rra_xav_idy nop_xav_zpx adc_xav_zpx ror_xav_zpx rra_xav_zpx sei_imp     adc_aby     nop_imp     rra_aby     nop_abx     adc_abx     ror_abx     rra_abx
retf_imp    sta_xav_idx  nop_imm     sax_xav_idx sty_xav_zpg sta_xav_zpg stx_xav_zpg sax_xav_zpg dey_imp     nop_imm     txa_imp     ane_imm     sty_aba     sta_aba     stx_aba     sax_aba
bcc_rel     sta_xav_idy  kil_non     sha_xav_idy sty_xav_zpx sta_xav_zpx stx_xav_zpy sax_xav_zpy tya_imp     sta_aby     txs_imp     shs_aby     shy_abx     sta_abx     shx_aby     sha_aby
ldy_imm     lda_xav_idx  ldx_imm     lax_xav_idx ldy_xav_zpg lda_xav_zpg ldx_xav_zpg lax_xav_zpg tay_imp     lda_imm     tax_imp     lxa_imm     ldy_aba     lda_aba     ldx_aba     lax_aba
bcs_rel     lda_xav_idy  kil_non     lax_xav_idy ldy_xav_zpx lda_xav_zpx ldx_xav_zpy lax_xav_zpy clv_imp     lda_aby     tsx_imp     las_aby     ldy_abx     lda_abx     ldx_aby     lax_aby
cpy_imm     cmp_xav_idx  nop_imm     dcp_xav_idx cpy_xav_zpg cmp_xav_zpg dec_xav_zpg dcp_xav_zpg iny_imp     cmp_imm     dex_imp     sbx_imm     cpy_aba     cmp_aba     dec_aba     dcp_aba
bne_rel     cmp_xav_idy  kil_non     dcp_xav_idy nop_xav_zpx cmp_xav_zpx dec_xav_zpx dcp_xav_zpx cld_imp     cmp_aby     nop_imp     dcp_aby     nop_abx     cmp_abx     dec_abx     dcp_abx
cpx_imm     sbc_xav_idx  nop_imm     isb_xav_idx cpx_xav_zpg sbc_xav_zpg inc_xav_zpg isb_xav_zpg inx_imp     sbc_imm     nop_imp     sbc_imm     cpx_aba     sbc_aba     inc_aba     isb_aba
beq_rel     sbc_xav_idy  kil_non     isb_xav_idy nop_xav_zpx sbc_xav_zpx inc_xav_zpx isb_xav_zpx sed_imp     sbc_aby     nop_imp     isb_aby     nop_abx     sbc_abx     inc_abx     isb_abx
reset
