0000 fff8 ori.b   imm8  ds
0010 fff8 ori.b   imm8  ais
0018 fff8 ori.b   imm8  aips
0020 fff8 ori.b   imm8  pais
0028 fff8 ori.b   imm8  das
0030 fff8 ori.b   imm8  dais
0038 ffff ori.b   imm8  adr16
0039 ffff ori.b   imm8  adr32
003c ffff ori     imm8  ccr
0040 fff8 ori.w   imm16 ds
0050 fff8 ori.w   imm16 ais
0058 fff8 ori.w   imm16 aips
0060 fff8 ori.w   imm16 pais
0068 fff8 ori.w   imm16 das
0070 fff8 ori.w   imm16 dais
0078 ffff ori.w   imm16 adr16
0079 ffff ori.w   imm16 adr32
007c ffff ori     i16u  sr
0080 fff8 ori.l   imm32 ds
0090 fff8 ori.l   imm32 ais
0098 fff8 ori.l   imm32 aips
00a0 fff8 ori.l   imm32 pais
00a8 fff8 ori.l   imm32 das
00b0 fff8 ori.l   imm32 dais
00b8 ffff ori.l   imm32 adr16
00b9 ffff ori.l   imm32 adr32
0100 f1f8 btst    dd    ds
0108 f1f8 movep.w das   dd
0110 f1f8 btst    dd    ais
0118 f1f8 btst    dd    aips
0120 f1f8 btst    dd    pais
0128 f1f8 btst    dd    das
0130 f1f8 btst    dd    dais
0138 f1ff btst    dd    adr16
0139 f1ff btst    dd    adr32
013a f1ff btst    dd    dpc
013b f1ff btst    dd    dpci
013c f1ff btst    dd    imm
0140 f1f8 bchg    dd    ds
0148 f1f8 movep.l das   dd
0150 f1f8 bchg    dd    ais
0158 f1f8 bchg    dd    aips
0160 f1f8 bchg    dd    pais
0168 f1f8 bchg    dd    das
0170 f1f8 bchg    dd    dais
0178 f1ff bchg    dd    adr16
0179 f1ff bchg    dd    adr32
0180 f1f8 bclr    dd    ds
0188 f1f8 movep.w dd    das
0190 f1f8 bclr    dd    ais
0198 f1f8 bclr    dd    aips
01a0 f1f8 bclr    dd    pais
01a8 f1f8 bclr    dd    das
01b0 f1f8 bclr    dd    dais
01b8 f1ff bclr    dd    adr16
01b9 f1ff bclr    dd    adr32
01c0 f1f8 bset    dd    ds
01c8 f1f8 movep.l dd    das
01d0 f1f8 bset    dd    ais
01d8 f1f8 bset    dd    aips
01e0 f1f8 bset    dd    pais
01e8 f1f8 bset    dd    das
01f0 f1f8 bset    dd    dais
01f8 f1ff bset    dd    adr16
01f9 f1ff bset    dd    adr32
0200 fff8 andi.b  imm8  ds
0210 fff8 andi.b  imm8  ais
0218 fff8 andi.b  imm8  aips
0220 fff8 andi.b  imm8  pais
0228 fff8 andi.b  imm8  das
0230 fff8 andi.b  imm8  dais
0238 ffff andi.b  imm8  adr16
0239 ffff andi.b  imm8  adr32
023c ffff andi    imm8  ccr
0240 fff8 andi.w  imm16 ds
0250 fff8 andi.w  imm16 ais
0258 fff8 andi.w  imm16 aips
0260 fff8 andi.w  imm16 pais
0268 fff8 andi.w  imm16 das
0270 fff8 andi.w  imm16 dais
0278 ffff andi.w  imm16 adr16
0279 ffff andi.w  imm16 adr32
027c ffff andi    i16u  sr
0280 fff8 andi.l  imm32 ds
0290 fff8 andi.l  imm32 ais
0298 fff8 andi.l  imm32 aips
02a0 fff8 andi.l  imm32 pais
02a8 fff8 andi.l  imm32 das
02b0 fff8 andi.l  imm32 dais
02b8 ffff andi.l  imm32 adr16
02b9 ffff andi.l  imm32 adr32
0400 fff8 subi.b  imm8  ds
0410 fff8 subi.b  imm8  ais
0418 fff8 subi.b  imm8  aips
0420 fff8 subi.b  imm8  pais
0428 fff8 subi.b  imm8  das
0430 fff8 subi.b  imm8  dais
0438 ffff subi.b  imm8  adr16
0439 ffff subi.b  imm8  adr32
0440 fff8 subi.w  imm16 ds
0450 fff8 subi.w  imm16 ais
0458 fff8 subi.w  imm16 aips
0460 fff8 subi.w  imm16 pais
0468 fff8 subi.w  imm16 das
0470 fff8 subi.w  imm16 dais
0478 ffff subi.w  imm16 adr16
0479 ffff subi.w  imm16 adr32
0480 fff8 subi.l  imm32 ds
0490 fff8 subi.l  imm32 ais
0498 fff8 subi.l  imm32 aips
04a0 fff8 subi.l  imm32 pais
04a8 fff8 subi.l  imm32 das
04b0 fff8 subi.l  imm32 dais
04b8 ffff subi.l  imm32 adr16
04b9 ffff subi.l  imm32 adr32
0600 fff8 addi.b  imm8  ds
0610 fff8 addi.b  imm8  ais
0618 fff8 addi.b  imm8  aips
0620 fff8 addi.b  imm8  pais
0628 fff8 addi.b  imm8  das
0630 fff8 addi.b  imm8  dais
0638 ffff addi.b  imm8  adr16
0639 ffff addi.b  imm8  adr32
0640 fff8 addi.w  imm16 ds
0650 fff8 addi.w  imm16 ais
0658 fff8 addi.w  imm16 aips
0660 fff8 addi.w  imm16 pais
0668 fff8 addi.w  imm16 das
0670 fff8 addi.w  imm16 dais
0678 ffff addi.w  imm16 adr16
0679 ffff addi.w  imm16 adr32
0680 fff8 addi.l  imm32 ds
0690 fff8 addi.l  imm32 ais
0698 fff8 addi.l  imm32 aips
06a0 fff8 addi.l  imm32 pais
06a8 fff8 addi.l  imm32 das
06b0 fff8 addi.l  imm32 dais
06b8 ffff addi.l  imm32 adr16
06b9 ffff addi.l  imm32 adr32
0800 fff8 btst    imm8  ds
0810 fff8 btst    imm8  ais
0818 fff8 btst    imm8  aips
0820 fff8 btst    imm8  pais
0828 fff8 btst    imm8  das
0830 fff8 btst    imm8  dais
0838 ffff btst    imm8  adr16
0839 ffff btst    imm8  adr32
083a ffff btst    imm8  dpc
083b ffff btst    imm8  dpci
0840 fff8 bchg    imm8  ds
0850 fff8 bchg    imm8  ais
0858 fff8 bchg    imm8  aips
0860 fff8 bchg    imm8  pais
0868 fff8 bchg    imm8  das
0870 fff8 bchg    imm8  dais
0878 ffff bchg    imm8  adr16
0879 ffff bchg    imm8  adr32
0880 fff8 bclr    imm8  ds
0890 fff8 bclr    imm8  ais
0898 fff8 bclr    imm8  aips
08a0 fff8 bclr    imm8  pais
08a8 fff8 bclr    imm8  das
08b0 fff8 bclr    imm8  dais
08b8 ffff bclr    imm8  adr16
08b9 ffff bclr    imm8  adr32
08c0 fff8 bset    imm8  ds
08d0 fff8 bset    imm8  ais
08d8 fff8 bset    imm8  aips
08e0 fff8 bset    imm8  pais
08e8 fff8 bset    imm8  das
08f0 fff8 bset    imm8  dais
08f8 ffff bset    imm8  adr16
08f9 ffff bset    imm8  adr32
0a00 fff8 eori.b  imm8  ds
0a10 fff8 eori.b  imm8  ais
0a18 fff8 eori.b  imm8  aips
0a20 fff8 eori.b  imm8  pais
0a28 fff8 eori.b  imm8  das
0a30 fff8 eori.b  imm8  dais
0a38 ffff eori.b  imm8  adr16
0a39 ffff eori.b  imm8  adr32
0a3c ffff eori    imm8  ccr
0a40 fff8 eori.w  imm16 ds
0a50 fff8 eori.w  imm16 ais
0a58 fff8 eori.w  imm16 aips
0a60 fff8 eori.w  imm16 pais
0a68 fff8 eori.w  imm16 das
0a70 fff8 eori.w  imm16 dais
0a78 ffff eori.w  imm16 adr16
0a79 ffff eori.w  imm16 adr32
0a7c ffff eori    i16u  sr
0a80 fff8 eori.l  imm32 ds
0a90 fff8 eori.l  imm32 ais
0a98 fff8 eori.l  imm32 aips
0aa0 fff8 eori.l  imm32 pais
0aa8 fff8 eori.l  imm32 das
0ab0 fff8 eori.l  imm32 dais
0ab8 ffff eori.l  imm32 adr16
0ab9 ffff eori.l  imm32 adr32
0c00 fff8 cmpi.b  imm8  ds
0c10 fff8 cmpi.b  imm8  ais
0c18 fff8 cmpi.b  imm8  aips
0c20 fff8 cmpi.b  imm8  pais
0c28 fff8 cmpi.b  imm8  das
0c30 fff8 cmpi.b  imm8  dais
0c38 ffff cmpi.b  imm8  adr16
0c39 ffff cmpi.b  imm8  adr32
0c40 fff8 cmpi.w  imm16 ds
0c50 fff8 cmpi.w  imm16 ais
0c58 fff8 cmpi.w  imm16 aips
0c60 fff8 cmpi.w  imm16 pais
0c68 fff8 cmpi.w  imm16 das
0c70 fff8 cmpi.w  imm16 dais
0c78 ffff cmpi.w  imm16 adr16
0c79 ffff cmpi.w  imm16 adr32
0c80 fff8 cmpi.l  imm32 ds
0c90 fff8 cmpi.l  imm32 ais
0c98 fff8 cmpi.l  imm32 aips
0ca0 fff8 cmpi.l  imm32 pais
0ca8 fff8 cmpi.l  imm32 das
0cb0 fff8 cmpi.l  imm32 dais
0cb8 ffff cmpi.l  imm32 adr16
0cb9 ffff cmpi.l  imm32 adr32
1000 f1f8 move.b  ds    dd
1010 f1f8 move.b  ais   dd
1018 f1f8 move.b  aips  dd
1020 f1f8 move.b  pais  dd
1028 f1f8 move.b  das   dd
1030 f1f8 move.b  dais  dd
1038 f1ff move.b  adr16 dd
1039 f1ff move.b  adr32 dd
103a f1ff move.b  dpc   dd
103b f1ff move.b  dpci  dd
103c f1ff move.b  imm8  dd
1080 f1f8 move.b  ds    aid
1090 f1f8 move.b  ais   aid
1098 f1f8 move.b  aips  aid
10a0 f1f8 move.b  pais  aid
10a8 f1f8 move.b  das   aid
10b0 f1f8 move.b  dais  aid
10b8 f1ff move.b  adr16 aid
10b9 f1ff move.b  adr32 aid
10ba f1ff move.b  dpc   aid
10bb f1ff move.b  dpci  aid
10bc f1ff move.b  imm8  aid
10c0 f1f8 move.b  ds    aipd
10d0 f1f8 move.b  ais   aipd
10d8 f1f8 move.b  aips  aipd
10e0 f1f8 move.b  pais  aipd
10e8 f1f8 move.b  das   aipd
10f0 f1f8 move.b  dais  aipd
10f8 f1ff move.b  adr16 aipd
10f9 f1ff move.b  adr32 aipd
10fa f1ff move.b  dpc   aipd
10fb f1ff move.b  dpci  aipd
10fc f1ff move.b  imm8  aipd
1100 f1f8 move.b  ds    paid
1110 f1f8 move.b  ais   paid
1118 f1f8 move.b  aips  paid
1120 f1f8 move.b  pais  paid
1128 f1f8 move.b  das   paid
1130 f1f8 move.b  dais  paid
1138 f1ff move.b  adr16 paid
1139 f1ff move.b  adr32 paid
113a f1ff move.b  dpc   paid
113b f1ff move.b  dpci  paid
113c f1ff move.b  imm8  paid
1140 f1f8 move.b  ds    dad
1150 f1f8 move.b  ais   dad
1158 f1f8 move.b  aips  dad
1160 f1f8 move.b  pais  dad
1168 f1f8 move.b  das   dad
1170 f1f8 move.b  dais  dad
1178 f1ff move.b  adr16 dad
1179 f1ff move.b  adr32 dad
117a f1ff move.b  dpc   dad
117b f1ff move.b  dpci  dad
117c f1ff move.b  imm8  dad
1180 f1f8 move.b  ds    daid
1190 f1f8 move.b  ais   daid
1198 f1f8 move.b  aips  daid
11a0 f1f8 move.b  pais  daid
11a8 f1f8 move.b  das   daid
11b0 f1f8 move.b  dais  daid
11b8 f1ff move.b  adr16 daid
11b9 f1ff move.b  adr32 daid
11ba f1ff move.b  dpc   daid
11bb f1ff move.b  dpci  daid
11bc f1ff move.b  imm8  daid
11c0 fff8 move.b  ds    adr16
11d0 fff8 move.b  ais   adr16
11d8 fff8 move.b  aips  adr16
11e0 fff8 move.b  pais  adr16
11e8 fff8 move.b  das   adr16
11f0 fff8 move.b  dais  adr16
11f8 ffff move.b  adr16 adr16
11f9 ffff move.b  adr32 adr16
11fa ffff move.b  dpc   adr16
11fb ffff move.b  dpci  adr16
11fc ffff move.b  imm8  adr16
13c0 fff8 move.b  ds    adr32
13d0 fff8 move.b  ais   adr32
13d8 fff8 move.b  aips  adr32
13e0 fff8 move.b  pais  adr32
13e8 fff8 move.b  das   adr32
13f0 fff8 move.b  dais  adr32
13f8 ffff move.b  adr16 adr32
13f9 ffff move.b  adr32 adr32
13fa ffff move.b  dpc   adr32
13fb ffff move.b  dpci  adr32
13fc ffff move.b  imm8  adr32
2000 f1f8 move.l  ds    dd
2008 f1f8 move.l  as    dd
2010 f1f8 move.l  ais   dd
2018 f1f8 move.l  aips  dd
2020 f1f8 move.l  pais  dd
2028 f1f8 move.l  das   dd
2030 f1f8 move.l  dais  dd
2038 f1ff move.l  adr16 dd
2039 f1ff move.l  adr32 dd
203a f1ff move.l  dpc   dd
203b f1ff move.l  dpci  dd
203c f1ff move.l  imm32 dd
2040 f1f8 movea.l ds    ad
2048 f1f8 movea.l as    ad
2050 f1f8 movea.l ais   ad
2058 f1f8 movea.l aips  ad
2060 f1f8 movea.l pais  ad
2068 f1f8 movea.l das   ad
2070 f1f8 movea.l dais  ad
2078 f1ff movea.l adr16 ad
2079 f1ff movea.l adr32 ad
207a f1ff movea.l dpc   ad
207b f1ff movea.l dpci  ad
207c f1ff movea.l imm32 ad
2080 f1f8 move.l  ds    aid
2088 f1f8 move.l  as    aid
2090 f1f8 move.l  ais   aid
2098 f1f8 move.l  aips  aid
20a0 f1f8 move.l  pais  aid
20a8 f1f8 move.l  das   aid
20b0 f1f8 move.l  dais  aid
20b8 f1ff move.l  adr16 aid
20b9 f1ff move.l  adr32 aid
20ba f1ff move.l  dpc   aid
20bb f1ff move.l  dpci  aid
20bc f1ff move.l  imm32 aid
20c0 f1f8 move.l  ds    aipd
20c8 f1f8 move.l  as    aipd
20d0 f1f8 move.l  ais   aipd
20d8 f1f8 move.l  aips  aipd
20e0 f1f8 move.l  pais  aipd
20e8 f1f8 move.l  das   aipd
20f0 f1f8 move.l  dais  aipd
20f8 f1ff move.l  adr16 aipd
20f9 f1ff move.l  adr32 aipd
20fa f1ff move.l  dpc   aipd
20fb f1ff move.l  dpci  aipd
20fc f1ff move.l  imm32 aipd
2100 f1f8 move.l  ds    paid
2108 f1f8 move.l  as    paid
2110 f1f8 move.l  ais   paid
2118 f1f8 move.l  aips  paid
2120 f1f8 move.l  pais  paid
2128 f1f8 move.l  das   paid
2130 f1f8 move.l  dais  paid
2138 f1ff move.l  adr16 paid
2139 f1ff move.l  adr32 paid
213a f1ff move.l  dpc   paid
213b f1ff move.l  dpci  paid
213c f1ff move.l  imm32 paid
2140 f1f8 move.l  ds    dad
2148 f1f8 move.l  as    dad
2150 f1f8 move.l  ais   dad
2158 f1f8 move.l  aips  dad
2160 f1f8 move.l  pais  dad
2168 f1f8 move.l  das   dad
2170 f1f8 move.l  dais  dad
2178 f1ff move.l  adr16 dad
2179 f1ff move.l  adr32 dad
217a f1ff move.l  dpc   dad
217b f1ff move.l  dpci  dad
217c f1ff move.l  imm32 dad
2180 f1f8 move.l  ds    daid
2188 f1f8 move.l  as    daid
2190 f1f8 move.l  ais   daid
2198 f1f8 move.l  aips  daid
21a0 f1f8 move.l  pais  daid
21a8 f1f8 move.l  das   daid
21b0 f1f8 move.l  dais  daid
21b8 f1ff move.l  adr16 daid
21b9 f1ff move.l  adr32 daid
21ba f1ff move.l  dpc   daid
21bb f1ff move.l  dpci  daid
21bc f1ff move.l  imm32 daid
21c0 fff8 move.l  ds    adr16
21c8 fff8 move.l  as    adr16
21d0 fff8 move.l  ais   adr16
21d8 fff8 move.l  aips  adr16
21e0 fff8 move.l  pais  adr16
21e8 fff8 move.l  das   adr16
21f0 fff8 move.l  dais  adr16
21f8 ffff move.l  adr16 adr16
21f9 ffff move.l  adr32 adr16
21fa ffff move.l  dpc   adr16
21fb ffff move.l  dpci  adr16
21fc ffff move.l  imm32 adr16
23c0 fff8 move.l  ds    adr32
23c8 fff8 move.l  as    adr32
23d0 fff8 move.l  ais   adr32
23d8 fff8 move.l  aips  adr32
23e0 fff8 move.l  pais  adr32
23e8 fff8 move.l  das   adr32
23f0 fff8 move.l  dais  adr32
23f8 ffff move.l  adr16 adr32
23f9 ffff move.l  adr32 adr32
23fa ffff move.l  dpc   adr32
23fb ffff move.l  dpci  adr32
23fc ffff move.l  imm32 adr32
3000 f1f8 move.w  ds    dd
3008 f1f8 move.w  as    dd
3010 f1f8 move.w  ais   dd
3018 f1f8 move.w  aips  dd
3020 f1f8 move.w  pais  dd
3028 f1f8 move.w  das   dd
3030 f1f8 move.w  dais  dd
3038 f1ff move.w  adr16 dd
3039 f1ff move.w  adr32 dd
303a f1ff move.w  dpc   dd
303b f1ff move.w  dpci  dd
303c f1ff move.w  imm16 dd
3040 f1f8 movea.w ds    ad
3048 f1f8 movea.w as    ad
3050 f1f8 movea.w ais   ad
3058 f1f8 movea.w aips  ad
3060 f1f8 movea.w pais  ad
3068 f1f8 movea.w das   ad
3070 f1f8 movea.w dais  ad
3078 f1ff movea.w adr16 ad
3079 f1ff movea.w adr32 ad
307a f1ff movea.w dpc   ad
307b f1ff movea.w dpci  ad
307c f1ff movea.w imm16 ad
3080 f1f8 move.w  ds    aid
3088 f1f8 move.w  as    aid
3090 f1f8 move.w  ais   aid
3098 f1f8 move.w  aips  aid
30a0 f1f8 move.w  pais  aid
30a8 f1f8 move.w  das   aid
30b0 f1f8 move.w  dais  aid
30b8 f1ff move.w  adr16 aid
30b9 f1ff move.w  adr32 aid
30ba f1ff move.w  dpc   aid
30bb f1ff move.w  dpci  aid
30bc f1ff move.w  imm16 aid
30c0 f1f8 move.w  ds    aipd
30c8 f1f8 move.w  as    aipd
30d0 f1f8 move.w  ais   aipd
30d8 f1f8 move.w  aips  aipd
30e0 f1f8 move.w  pais  aipd
30e8 f1f8 move.w  das   aipd
30f0 f1f8 move.w  dais  aipd
30f8 f1ff move.w  adr16 aipd
30f9 f1ff move.w  adr32 aipd
30fa f1ff move.w  dpc   aipd
30fb f1ff move.w  dpci  aipd
30fc f1ff move.w  imm16 aipd
3100 f1f8 move.w  ds    paid
3108 f1f8 move.w  as    paid
3110 f1f8 move.w  ais   paid
3118 f1f8 move.w  aips  paid
3120 f1f8 move.w  pais  paid
3128 f1f8 move.w  das   paid
3130 f1f8 move.w  dais  paid
3138 f1ff move.w  adr16 paid
3139 f1ff move.w  adr32 paid
313a f1ff move.w  dpc   paid
313b f1ff move.w  dpci  paid
313c f1ff move.w  imm16 paid
3140 f1f8 move.w  ds    dad
3148 f1f8 move.w  as    dad
3150 f1f8 move.w  ais   dad
3158 f1f8 move.w  aips  dad
3160 f1f8 move.w  pais  dad
3168 f1f8 move.w  das   dad
3170 f1f8 move.w  dais  dad
3178 f1ff move.w  adr16 dad
3179 f1ff move.w  adr32 dad
317a f1ff move.w  dpc   dad
317b f1ff move.w  dpci  dad
317c f1ff move.w  imm16 dad
3180 f1f8 move.w  ds    daid
3188 f1f8 move.w  as    daid
3190 f1f8 move.w  ais   daid
3198 f1f8 move.w  aips  daid
31a0 f1f8 move.w  pais  daid
31a8 f1f8 move.w  das   daid
31b0 f1f8 move.w  dais  daid
31b8 f1ff move.w  adr16 daid
31b9 f1ff move.w  adr32 daid
31ba f1ff move.w  dpc   daid
31bb f1ff move.w  dpci  daid
31bc f1ff move.w  imm16 daid
31c0 fff8 move.w  ds    adr16
31c8 fff8 move.w  as    adr16
31d0 fff8 move.w  ais   adr16
31d8 fff8 move.w  aips  adr16
31e0 fff8 move.w  pais  adr16
31e8 fff8 move.w  das   adr16
31f0 fff8 move.w  dais  adr16
31f8 ffff move.w  adr16 adr16
31f9 ffff move.w  adr32 adr16
31fa ffff move.w  dpc   adr16
31fb ffff move.w  dpci  adr16
31fc ffff move.w  imm16 adr16
33c0 fff8 move.w  ds    adr32
33c8 fff8 move.w  as    adr32
33d0 fff8 move.w  ais   adr32
33d8 fff8 move.w  aips  adr32
33e0 fff8 move.w  pais  adr32
33e8 fff8 move.w  das   adr32
33f0 fff8 move.w  dais  adr32
33f8 ffff move.w  adr16 adr32
33f9 ffff move.w  adr32 adr32
33fa ffff move.w  dpc   adr32
33fb ffff move.w  dpci  adr32
33fc ffff move.w  imm16 adr32
4000 fff8 negx.b  ds    -
4010 fff8 negx.b  ais   -
4018 fff8 negx.b  aips  -
4020 fff8 negx.b  pais  -
4028 fff8 negx.b  das   -
4030 fff8 negx.b  dais  -
4038 ffff negx.b  adr16 -
4039 ffff negx.b  adr32 -
4040 fff8 negx.w  ds    -
4050 fff8 negx.w  ais   -
4058 fff8 negx.w  aips  -
4060 fff8 negx.w  pais  -
4068 fff8 negx.w  das   -
4070 fff8 negx.w  dais  -
4078 ffff negx.w  adr16 -
4079 ffff negx.w  adr32 -
4080 fff8 negx.l  ds    -
4090 fff8 negx.l  ais   -
4098 fff8 negx.l  aips  -
40a0 fff8 negx.l  pais  -
40a8 fff8 negx.l  das   -
40b0 fff8 negx.l  dais  -
40b8 ffff negx.l  adr16 -
40b9 ffff negx.l  adr32 -
40c0 fff8 move    sr    ds
40d0 fff8 move    sr    ais
40d8 fff8 move    sr    aips
40e0 fff8 move    sr    pais
40e8 fff8 move    sr    das
40f0 fff8 move    sr    dais
40f8 ffff move    sr    adr16
40f9 ffff move    sr    adr32
4180 f1f8 chk.w   ds    dd
4190 f1f8 chk.w   ais   dd
4198 f1f8 chk.w   aips  dd
41a0 f1f8 chk.w   pais  dd
41a8 f1f8 chk.w   das   dd
41b0 f1f8 chk.w   dais  dd
41b8 f1ff chk.w   adr16 dd
41b9 f1ff chk.w   adr32 dd
41ba f1ff chk.w   dpc   dd
41bb f1ff chk.w   dpci  dd
41bc f1ff chk.w   imm16 dd
41d0 f1f8 lea     ais   ad
41e8 f1f8 lea     das   ad
41f0 f1f8 lea     dais  ad
41f8 f1ff lea     adr16 ad
41f9 f1ff lea     adr32 ad
41fa f1ff lea     dpc   ad
41fb f1ff lea     dpci  ad
4200 fff8 clr.b   ds    -
4210 fff8 clr.b   ais   -
4218 fff8 clr.b   aips  -
4220 fff8 clr.b   pais  -
4228 fff8 clr.b   das   -
4230 fff8 clr.b   dais  -
4238 ffff clr.b   adr16 -
4239 ffff clr.b   adr32 -
4240 fff8 clr.w   ds    -
4250 fff8 clr.w   ais   -
4258 fff8 clr.w   aips  -
4260 fff8 clr.w   pais  -
4268 fff8 clr.w   das   -
4270 fff8 clr.w   dais  -
4278 ffff clr.w   adr16 -
4279 ffff clr.w   adr32 -
4280 fff8 clr.l   ds    -
4290 fff8 clr.l   ais   -
4298 fff8 clr.l   aips  -
42a0 fff8 clr.l   pais  -
42a8 fff8 clr.l   das   -
42b0 fff8 clr.l   dais  -
42b8 ffff clr.l   adr16 -
42b9 ffff clr.l   adr32 -
4400 fff8 neg.b   ds    -
4410 fff8 neg.b   ais   -
4418 fff8 neg.b   aips  -
4420 fff8 neg.b   pais  -
4428 fff8 neg.b   das   -
4430 fff8 neg.b   dais  -
4438 ffff neg.b   adr16 -
4439 ffff neg.b   adr32 -
4440 fff8 neg.w   ds    -
4450 fff8 neg.w   ais   -
4458 fff8 neg.w   aips  -
4460 fff8 neg.w   pais  -
4468 fff8 neg.w   das   -
4470 fff8 neg.w   dais  -
4478 ffff neg.w   adr16 -
4479 ffff neg.w   adr32 -
4480 fff8 neg.l   ds    -
4490 fff8 neg.l   ais   -
4498 fff8 neg.l   aips  -
44a0 fff8 neg.l   pais  -
44a8 fff8 neg.l   das   -
44b0 fff8 neg.l   dais  -
44b8 ffff neg.l   adr16 -
44b9 ffff neg.l   adr32 -
44c0 fff8 move    ds    ccr
44d0 fff8 move    ais   ccr
44d8 fff8 move    aips  ccr
44e0 fff8 move    pais  ccr
44e8 fff8 move    das   ccr
44f0 fff8 move    dais  ccr
44f8 ffff move    adr16 ccr
44f9 ffff move    adr32 ccr
44fa ffff move    dpc   ccr
44fb ffff move    dpci  ccr
44fc ffff move    imm8  ccr
4600 fff8 not.b   ds    -
4610 fff8 not.b   ais   -
4618 fff8 not.b   aips  -
4620 fff8 not.b   pais  -
4628 fff8 not.b   das   -
4630 fff8 not.b   dais  -
4638 ffff not.b   adr16 -
4639 ffff not.b   adr32 -
4640 fff8 not.w   ds    -
4650 fff8 not.w   ais   -
4658 fff8 not.w   aips  -
4660 fff8 not.w   pais  -
4668 fff8 not.w   das   -
4670 fff8 not.w   dais  -
4678 ffff not.w   adr16 -
4679 ffff not.w   adr32 -
4680 fff8 not.l   ds    -
4690 fff8 not.l   ais   -
4698 fff8 not.l   aips  -
46a0 fff8 not.l   pais  -
46a8 fff8 not.l   das   -
46b0 fff8 not.l   dais  -
46b8 ffff not.l   adr16 -
46b9 ffff not.l   adr32 -
46c0 fff8 move    ds    sr
46d0 fff8 move    ais   sr
46d8 fff8 move    aips  sr
46e0 fff8 move    pais  sr
46e8 fff8 move    das   sr
46f0 fff8 move    dais  sr
46f8 ffff move    adr16 sr
46f9 ffff move    adr32 sr
46fa ffff move    dpc   sr
46fb ffff move    dpci  sr
46fc ffff move    i16u  sr
4800 fff8 nbcd.b  ds    -
4810 fff8 nbcd.b  ais   -
4818 fff8 nbcd.b  aips  -
4820 fff8 nbcd.b  pais  -
4828 fff8 nbcd.b  das   -
4830 fff8 nbcd.b  dais  -
4838 ffff nbcd.b  adr16 -
4839 ffff nbcd.b  adr32 -
4840 fff8 swap    ds    -
4850 fff8 pea     ais   -
4868 fff8 pea     das   -
4870 fff8 pea     dais  -
4878 ffff pea     adr16 -
4879 ffff pea     adr32 -
487a ffff pea     dpc   -
487b ffff pea     dpci  -
4880 fff8 ext.w   ds    -
4890 fff8 movem.w list  ais
48a0 fff8 movem.w listp pais
48a8 fff8 movem.w list  das
48b0 fff8 movem.w list  dais
48b8 ffff movem.w list  adr16
48b9 ffff movem.w list  adr32
48c0 fff8 ext.l   ds    -
48d0 fff8 movem.l list  ais
48e0 fff8 movem.l listp pais
48e8 fff8 movem.l list  das
48f0 fff8 movem.l list  dais
48f8 ffff movem.l list  adr16
48f9 ffff movem.l list  adr32
4a00 fff8 tst.b   ds    -
4a10 fff8 tst.b   ais   -
4a18 fff8 tst.b   aips  -
4a20 fff8 tst.b   pais  -
4a28 fff8 tst.b   das   -
4a30 fff8 tst.b   dais  -
4a38 ffff tst.b   adr16 -
4a39 ffff tst.b   adr32 -
4a40 fff8 tst.w   ds    -
4a50 fff8 tst.w   ais   -
4a58 fff8 tst.w   aips  -
4a60 fff8 tst.w   pais  -
4a68 fff8 tst.w   das   -
4a70 fff8 tst.w   dais  -
4a78 ffff tst.w   adr16 -
4a79 ffff tst.w   adr32 -
4a80 fff8 tst.l   ds    -
4a90 fff8 tst.l   ais   -
4a98 fff8 tst.l   aips  -
4aa0 fff8 tst.l   pais  -
4aa8 fff8 tst.l   das   -
4ab0 fff8 tst.l   dais  -
4ab8 ffff tst.l   adr16 -
4ab9 ffff tst.l   adr32 -
4ac0 fff8 tas     ds    -
4ad0 fff8 tas     ais   -
4ad8 fff8 tas     aips  -
4ae0 fff8 tas     pais  -
4ae8 fff8 tas     das   -
4af0 fff8 tas     dais  -
4af8 ffff tas     adr16 -
4af9 ffff tas     adr32 -
4afc ffff illegal -     -
4c90 fff8 movem.w ais   list
4c98 fff8 movem.w aips  list
4ca8 fff8 movem.w das   list
4cb0 fff8 movem.w dais  list
4cb8 ffff movem.w adr16 list
4cb9 ffff movem.w adr32 list
4cba ffff movem.w dpc   list
4cbb ffff movem.w dpci  list
4cd0 fff8 movem.l ais   list
4cd8 fff8 movem.l aips  list
4ce8 fff8 movem.l das   list
4cf0 fff8 movem.l dais  list
4cf8 ffff movem.l adr16 list
4cf9 ffff movem.l adr32 list
4cfa ffff movem.l dpc   list
4cfb ffff movem.l dpci  list
4e40 fff0 trap    imm4  -
4e50 fff8 link    as    imm16
4e58 fff8 unlk    as    -
4e60 fff8 move    as    usp
4e68 fff8 move    usp   as
4e70 ffff reset   -     -
4e71 ffff nop     -     -
4e72 ffff stop    i16u  -
4e73 ffff rte     -     -
4e75 ffff rts     -     -
4e76 ffff trapv   -     -
4e77 ffff rtr     -     -
4e90 fff8 jsr     ais   -
4ea8 fff8 jsr     das   -
4eb0 fff8 jsr     dais  -
4eb8 ffff jsr     adr16 -
4eb9 ffff jsr     adr32 -
4eba ffff jsr     dpc   -
4ebb ffff jsr     dpci  -
4ed0 fff8 jmp     ais   -
4ee8 fff8 jmp     das   -
4ef0 fff8 jmp     dais  -
4ef8 ffff jmp     adr16 -
4ef9 ffff jmp     adr32 -
4efa ffff jmp     dpc   -
4efb ffff jmp     dpci  -
5000 f1f8 addq.b  imm3  ds
5010 f1f8 addq.b  imm3  ais
5018 f1f8 addq.b  imm3  aips
5020 f1f8 addq.b  imm3  pais
5028 f1f8 addq.b  imm3  das
5030 f1f8 addq.b  imm3  dais
5038 f1ff addq.b  imm3  adr16
5039 f1ff addq.b  imm3  adr32
5040 f1f8 addq.w  imm3  ds
5048 f1f8 addq.w  imm3  as
5050 f1f8 addq.w  imm3  ais
5058 f1f8 addq.w  imm3  aips
5060 f1f8 addq.w  imm3  pais
5068 f1f8 addq.w  imm3  das
5070 f1f8 addq.w  imm3  dais
5078 f1ff addq.w  imm3  adr16
5079 f1ff addq.w  imm3  adr32
5080 f1f8 addq.l  imm3  ds
5088 f1f8 addq.l  imm3  as
5090 f1f8 addq.l  imm3  ais
5098 f1f8 addq.l  imm3  aips
50a0 f1f8 addq.l  imm3  pais
50a8 f1f8 addq.l  imm3  das
50b0 f1f8 addq.l  imm3  dais
50b8 f1ff addq.l  imm3  adr16
50b9 f1ff addq.l  imm3  adr32
50c0 fff8 st      ds    -
50c8 fff8 dbt     ds    rel16
50d0 fff8 st      ais   -
50d8 fff8 st      aips  -
50e0 fff8 st      pais  -
50e8 fff8 st      das   -
50f0 fff8 st      dais  -
50f8 ffff st      adr16 -
50f9 ffff st      adr32 -
5100 f1f8 subq.b  imm3  ds
5110 f1f8 subq.b  imm3  ais
5118 f1f8 subq.b  imm3  aips
5120 f1f8 subq.b  imm3  pais
5128 f1f8 subq.b  imm3  das
5130 f1f8 subq.b  imm3  dais
5138 f1ff subq.b  imm3  adr16
5139 f1ff subq.b  imm3  adr32
5140 f1f8 subq.w  imm3  ds
5148 f1f8 subq.w  imm3  as
5150 f1f8 subq.w  imm3  ais
5158 f1f8 subq.w  imm3  aips
5160 f1f8 subq.w  imm3  pais
5168 f1f8 subq.w  imm3  das
5170 f1f8 subq.w  imm3  dais
5178 f1ff subq.w  imm3  adr16
5179 f1ff subq.w  imm3  adr32
5180 f1f8 subq.l  imm3  ds
5188 f1f8 subq.l  imm3  as
5190 f1f8 subq.l  imm3  ais
5198 f1f8 subq.l  imm3  aips
51a0 f1f8 subq.l  imm3  pais
51a8 f1f8 subq.l  imm3  das
51b0 f1f8 subq.l  imm3  dais
51b8 f1ff subq.l  imm3  adr16
51b9 f1ff subq.l  imm3  adr32
51c0 fff8 sf      ds    -
51c8 fff8 dbra    ds    rel16
51d0 fff8 sf      ais   -
51d8 fff8 sf      aips  -
51e0 fff8 sf      pais  -
51e8 fff8 sf      das   -
51f0 fff8 sf      dais  -
51f8 ffff sf      adr16 -
51f9 ffff sf      adr32 -
52c0 fff8 shi     ds    -
52c8 fff8 dbhi    ds    rel16
52d0 fff8 shi     ais   -
52d8 fff8 shi     aips  -
52e0 fff8 shi     pais  -
52e8 fff8 shi     das   -
52f0 fff8 shi     dais  -
52f8 ffff shi     adr16 -
52f9 ffff shi     adr32 -
53c0 fff8 sls     ds    -
53c8 fff8 dbls    ds    rel16
53d0 fff8 sls     ais   -
53d8 fff8 sls     aips  -
53e0 fff8 sls     pais  -
53e8 fff8 sls     das   -
53f0 fff8 sls     dais  -
53f8 ffff sls     adr16 -
53f9 ffff sls     adr32 -
54c0 fff8 scc     ds    -
54c8 fff8 dbcc    ds    rel16
54d0 fff8 scc     ais   -
54d8 fff8 scc     aips  -
54e0 fff8 scc     pais  -
54e8 fff8 scc     das   -
54f0 fff8 scc     dais  -
54f8 ffff scc     adr16 -
54f9 ffff scc     adr32 -
55c0 fff8 scs     ds    -
55c8 fff8 dbcs    ds    rel16
55d0 fff8 scs     ais   -
55d8 fff8 scs     aips  -
55e0 fff8 scs     pais  -
55e8 fff8 scs     das   -
55f0 fff8 scs     dais  -
55f8 ffff scs     adr16 -
55f9 ffff scs     adr32 -
56c0 fff8 sne     ds    -
56c8 fff8 dbne    ds    rel16
56d0 fff8 sne     ais   -
56d8 fff8 sne     aips  -
56e0 fff8 sne     pais  -
56e8 fff8 sne     das   -
56f0 fff8 sne     dais  -
56f8 ffff sne     adr16 -
56f9 ffff sne     adr32 -
57c0 fff8 seq     ds    -
57c8 fff8 dbeq    ds    rel16
57d0 fff8 seq     ais   -
57d8 fff8 seq     aips  -
57e0 fff8 seq     pais  -
57e8 fff8 seq     das   -
57f0 fff8 seq     dais  -
57f8 ffff seq     adr16 -
57f9 ffff seq     adr32 -
58c0 fff8 svc     ds    -
58c8 fff8 dbvc    ds    rel16
58d0 fff8 svc     ais   -
58d8 fff8 svc     aips  -
58e0 fff8 svc     pais  -
58e8 fff8 svc     das   -
58f0 fff8 svc     dais  -
58f8 ffff svc     adr16 -
58f9 ffff svc     adr32 -
59c0 fff8 svs     ds    -
59c8 fff8 dbvs    ds    rel16
59d0 fff8 svs     ais   -
59d8 fff8 svs     aips  -
59e0 fff8 svs     pais  -
59e8 fff8 svs     das   -
59f0 fff8 svs     dais  -
59f8 ffff svs     adr16 -
59f9 ffff svs     adr32 -
5ac0 fff8 spl     ds    -
5ac8 fff8 dbpl    ds    rel16
5ad0 fff8 spl     ais   -
5ad8 fff8 spl     aips  -
5ae0 fff8 spl     pais  -
5ae8 fff8 spl     das   -
5af0 fff8 spl     dais  -
5af8 ffff spl     adr16 -
5af9 ffff spl     adr32 -
5bc0 fff8 smi     ds    -
5bc8 fff8 dbmi    ds    rel16
5bd0 fff8 smi     ais   -
5bd8 fff8 smi     aips  -
5be0 fff8 smi     pais  -
5be8 fff8 smi     das   -
5bf0 fff8 smi     dais  -
5bf8 ffff smi     adr16 -
5bf9 ffff smi     adr32 -
5cc0 fff8 sge     ds    -
5cc8 fff8 dbge    ds    rel16
5cd0 fff8 sge     ais   -
5cd8 fff8 sge     aips  -
5ce0 fff8 sge     pais  -
5ce8 fff8 sge     das   -
5cf0 fff8 sge     dais  -
5cf8 ffff sge     adr16 -
5cf9 ffff sge     adr32 -
5dc0 fff8 slt     ds    -
5dc8 fff8 dblt    ds    rel16
5dd0 fff8 slt     ais   -
5dd8 fff8 slt     aips  -
5de0 fff8 slt     pais  -
5de8 fff8 slt     das   -
5df0 fff8 slt     dais  -
5df8 ffff slt     adr16 -
5df9 ffff slt     adr32 -
5ec0 fff8 sgt     ds    -
5ec8 fff8 dbgt    ds    rel16
5ed0 fff8 sgt     ais   -
5ed8 fff8 sgt     aips  -
5ee0 fff8 sgt     pais  -
5ee8 fff8 sgt     das   -
5ef0 fff8 sgt     dais  -
5ef8 ffff sgt     adr16 -
5ef9 ffff sgt     adr32 -
5fc0 fff8 sle     ds    -
5fc8 fff8 dble    ds    rel16
5fd0 fff8 sle     ais   -
5fd8 fff8 sle     aips  -
5fe0 fff8 sle     pais  -
5fe8 fff8 sle     das   -
5ff0 fff8 sle     dais  -
5ff8 ffff sle     adr16 -
5ff9 ffff sle     adr32 -
6000 ffff bra     rel16 -
6000 ff00 bra     rel8  -
6100 ffff bsr     rel16 -
6100 ff00 bsr     rel8  -
6200 ffff bhi     rel16 -
6200 ff00 bhi     rel8  -
6300 ffff bls     rel16 -
6300 ff00 bls     rel8  -
6400 ffff bcc     rel16 -
6400 ff00 bcc     rel8  -
6500 ffff bcs     rel16 -
6500 ff00 bcs     rel8  -
6600 ffff bne     rel16 -
6600 ff00 bne     rel8  -
6700 ffff beq     rel16 -
6700 ff00 beq     rel8  -
6800 ffff bvc     rel16 -
6800 ff00 bvc     rel8  -
6900 ffff bvs     rel16 -
6900 ff00 bvs     rel8  -
6a00 ffff bpl     rel16 -
6a00 ff00 bpl     rel8  -
6b00 ffff bmi     rel16 -
6b00 ff00 bmi     rel8  -
6c00 ffff bge     rel16 -
6c00 ff00 bge     rel8  -
6d00 ffff blt     rel16 -
6d00 ff00 blt     rel8  -
6e00 ffff bgt     rel16 -
6e00 ff00 bgt     rel8  -
6f00 ffff ble     rel16 -
6f00 ff00 ble     rel8  -
7000 f100 moveq   imm8o dd
8000 f1f8 or.b    ds    dd
8010 f1f8 or.b    ais   dd
8018 f1f8 or.b    aips  dd
8020 f1f8 or.b    pais  dd
8028 f1f8 or.b    das   dd
8030 f1f8 or.b    dais  dd
8038 f1ff or.b    adr16 dd
8039 f1ff or.b    adr32 dd
803a f1ff or.b    dpc   dd
803b f1ff or.b    dpci  dd
803c f1ff or.b    imm8  dd
8040 f1f8 or.w    ds    dd
8050 f1f8 or.w    ais   dd
8058 f1f8 or.w    aips  dd
8060 f1f8 or.w    pais  dd
8068 f1f8 or.w    das   dd
8070 f1f8 or.w    dais  dd
8078 f1ff or.w    adr16 dd
8079 f1ff or.w    adr32 dd
807a f1ff or.w    dpc   dd
807b f1ff or.w    dpci  dd
807c f1ff or.w    imm16 dd
8080 f1f8 or.l    ds    dd
8090 f1f8 or.l    ais   dd
8098 f1f8 or.l    aips  dd
80a0 f1f8 or.l    pais  dd
80a8 f1f8 or.l    das   dd
80b0 f1f8 or.l    dais  dd
80b8 f1ff or.l    adr16 dd
80b9 f1ff or.l    adr32 dd
80ba f1ff or.l    dpc   dd
80bb f1ff or.l    dpci  dd
80bc f1ff or.l    imm32 dd
80c0 f1f8 divu.w  ds    dd
80d0 f1f8 divu.w  ais   dd
80d8 f1f8 divu.w  aips  dd
80e0 f1f8 divu.w  pais  dd
80e8 f1f8 divu.w  das   dd
80f0 f1f8 divu.w  dais  dd
80f8 f1ff divu.w  adr16 dd
80f9 f1ff divu.w  adr32 dd
80fa f1ff divu.w  dpc   dd
80fb f1ff divu.w  dpci  dd
80fc f1ff divu.w  imm16 dd
8100 f1f8 sbcd    ds    dd
8108 f1f8 sbcd    pais  paid
8110 f1f8 or.b    dd    ais
8118 f1f8 or.b    dd    aips
8120 f1f8 or.b    dd    pais
8128 f1f8 or.b    dd    das
8130 f1f8 or.b    dd    dais
8138 f1ff or.b    dd    adr16
8139 f1ff or.b    dd    adr32
8150 f1f8 or.w    dd    ais
8158 f1f8 or.w    dd    aips
8160 f1f8 or.w    dd    pais
8168 f1f8 or.w    dd    das
8170 f1f8 or.w    dd    dais
8178 f1ff or.w    dd    adr16
8179 f1ff or.w    dd    adr32
8190 f1f8 or.l    dd    ais
8198 f1f8 or.l    dd    aips
81a0 f1f8 or.l    dd    pais
81a8 f1f8 or.l    dd    das
81b0 f1f8 or.l    dd    dais
81b8 f1ff or.l    dd    adr16
81b9 f1ff or.l    dd    adr32
81c0 f1f8 divs.w  ds    dd
81d0 f1f8 divs.w  ais   dd
81d8 f1f8 divs.w  aips  dd
81e0 f1f8 divs.w  pais  dd
81e8 f1f8 divs.w  das   dd
81f0 f1f8 divs.w  dais  dd
81f8 f1ff divs.w  adr16 dd
81f9 f1ff divs.w  adr32 dd
81fa f1ff divs.w  dpc   dd
81fb f1ff divs.w  dpci  dd
81fc f1ff divs.w  imm16 dd
9000 f1f8 sub.b   ds    dd
9010 f1f8 sub.b   ais   dd
9018 f1f8 sub.b   aips  dd
9020 f1f8 sub.b   pais  dd
9028 f1f8 sub.b   das   dd
9030 f1f8 sub.b   dais  dd
9038 f1ff sub.b   adr16 dd
9039 f1ff sub.b   adr32 dd
903a f1ff sub.b   dpc   dd
903b f1ff sub.b   dpci  dd
903c f1ff sub.b   imm8  dd
9040 f1f8 sub.w   ds    dd
9048 f1f8 sub.w   as    dd
9050 f1f8 sub.w   ais   dd
9058 f1f8 sub.w   aips  dd
9060 f1f8 sub.w   pais  dd
9068 f1f8 sub.w   das   dd
9070 f1f8 sub.w   dais  dd
9078 f1ff sub.w   adr16 dd
9079 f1ff sub.w   adr32 dd
907a f1ff sub.w   dpc   dd
907b f1ff sub.w   dpci  dd
907c f1ff sub.w   imm16 dd
9080 f1f8 sub.l   ds    dd
9088 f1f8 sub.l   as    dd
9090 f1f8 sub.l   ais   dd
9098 f1f8 sub.l   aips  dd
90a0 f1f8 sub.l   pais  dd
90a8 f1f8 sub.l   das   dd
90b0 f1f8 sub.l   dais  dd
90b8 f1ff sub.l   adr16 dd
90b9 f1ff sub.l   adr32 dd
90ba f1ff sub.l   dpc   dd
90bb f1ff sub.l   dpci  dd
90bc f1ff sub.l   imm32 dd
90c0 f1f8 suba.w  ds    ad
90c8 f1f8 suba.w  as    ad
90d0 f1f8 suba.w  ais   ad
90d8 f1f8 suba.w  aips  ad
90e0 f1f8 suba.w  pais  ad
90e8 f1f8 suba.w  das   ad
90f0 f1f8 suba.w  dais  ad
90f8 f1ff suba.w  adr16 ad
90f9 f1ff suba.w  adr32 ad
90fa f1ff suba.w  dpc   ad
90fb f1ff suba.w  dpci  ad
90fc f1ff suba.w  imm16 ad
9100 f1f8 subx.b  ds    dd
9108 f1f8 subx.b  pais  paid
9110 f1f8 sub.b   dd    ais
9118 f1f8 sub.b   dd    aips
9120 f1f8 sub.b   dd    pais
9128 f1f8 sub.b   dd    das
9130 f1f8 sub.b   dd    dais
9138 f1ff sub.b   dd    adr16
9139 f1ff sub.b   dd    adr32
9140 f1f8 subx.w  ds    dd
9148 f1f8 subx.w  pais  paid
9150 f1f8 sub.w   dd    ais
9158 f1f8 sub.w   dd    aips
9160 f1f8 sub.w   dd    pais
9168 f1f8 sub.w   dd    das
9170 f1f8 sub.w   dd    dais
9178 f1ff sub.w   dd    adr16
9179 f1ff sub.w   dd    adr32
9180 f1f8 subx.l  ds    dd
9188 f1f8 subx.l  pais  paid
9190 f1f8 sub.l   dd    ais
9198 f1f8 sub.l   dd    aips
91a0 f1f8 sub.l   dd    pais
91a8 f1f8 sub.l   dd    das
91b0 f1f8 sub.l   dd    dais
91b8 f1ff sub.l   dd    adr16
91b9 f1ff sub.l   dd    adr32
91c0 f1f8 suba.l  ds    ad
91c8 f1f8 suba.l  as    ad
91d0 f1f8 suba.l  ais   ad
91d8 f1f8 suba.l  aips  ad
91e0 f1f8 suba.l  pais  ad
91e8 f1f8 suba.l  das   ad
91f0 f1f8 suba.l  dais  ad
91f8 f1ff suba.l  adr16 ad
91f9 f1ff suba.l  adr32 ad
91fa f1ff suba.l  dpc   ad
91fb f1ff suba.l  dpci  ad
91fc f1ff suba.l  imm32 ad
a000 f000 linea   imm12 -
b000 f1f8 cmp.b   ds    dd
b010 f1f8 cmp.b   ais   dd
b018 f1f8 cmp.b   aips  dd
b020 f1f8 cmp.b   pais  dd
b028 f1f8 cmp.b   das   dd
b030 f1f8 cmp.b   dais  dd
b038 f1ff cmp.b   adr16 dd
b039 f1ff cmp.b   adr32 dd
b03a f1ff cmp.b   dpc   dd
b03b f1ff cmp.b   dpci  dd
b03c f1ff cmp.b   imm8  dd
b040 f1f8 cmp.w   ds    dd
b048 f1f8 cmp.w   as    dd
b050 f1f8 cmp.w   ais   dd
b058 f1f8 cmp.w   aips  dd
b060 f1f8 cmp.w   pais  dd
b068 f1f8 cmp.w   das   dd
b070 f1f8 cmp.w   dais  dd
b078 f1ff cmp.w   adr16 dd
b079 f1ff cmp.w   adr32 dd
b07a f1ff cmp.w   dpc   dd
b07b f1ff cmp.w   dpci  dd
b07c f1ff cmp.w   imm16 dd
b080 f1f8 cmp.l   ds    dd
b088 f1f8 cmp.l   as    dd
b090 f1f8 cmp.l   ais   dd
b098 f1f8 cmp.l   aips  dd
b0a0 f1f8 cmp.l   pais  dd
b0a8 f1f8 cmp.l   das   dd
b0b0 f1f8 cmp.l   dais  dd
b0b8 f1ff cmp.l   adr16 dd
b0b9 f1ff cmp.l   adr32 dd
b0ba f1ff cmp.l   dpc   dd
b0bb f1ff cmp.l   dpci  dd
b0bc f1ff cmp.l   imm32 dd
b0c0 f1f8 cmpa.w  ds    ad
b0c8 f1f8 cmpa.w  as    ad
b0d0 f1f8 cmpa.w  ais   ad
b0d8 f1f8 cmpa.w  aips  ad
b0e0 f1f8 cmpa.w  pais  ad
b0e8 f1f8 cmpa.w  das   ad
b0f0 f1f8 cmpa.w  dais  ad
b0f8 f1ff cmpa.w  adr16 ad
b0f9 f1ff cmpa.w  adr32 ad
b0fa f1ff cmpa.w  dpc   ad
b0fb f1ff cmpa.w  dpci  ad
b0fc f1ff cmpa.w  imm16 ad
b100 f1f8 eor.b   dd    ds
b108 f1f8 cmpm.b  aips  aipd
b110 f1f8 eor.b   dd    ais
b118 f1f8 eor.b   dd    aips
b120 f1f8 eor.b   dd    pais
b128 f1f8 eor.b   dd    das
b130 f1f8 eor.b   dd    dais
b138 f1ff eor.b   dd    adr16
b139 f1ff eor.b   dd    adr32
b140 f1f8 eor.w   dd    ds
b148 f1f8 cmpm.w  aips  aipd
b150 f1f8 eor.w   dd    ais
b158 f1f8 eor.w   dd    aips
b160 f1f8 eor.w   dd    pais
b168 f1f8 eor.w   dd    das
b170 f1f8 eor.w   dd    dais
b178 f1ff eor.w   dd    adr16
b179 f1ff eor.w   dd    adr32
b180 f1f8 eor.l   dd    ds
b188 f1f8 cmpm.l  aips  aipd
b190 f1f8 eor.l   dd    ais
b198 f1f8 eor.l   dd    aips
b1a0 f1f8 eor.l   dd    pais
b1a8 f1f8 eor.l   dd    das
b1b0 f1f8 eor.l   dd    dais
b1b8 f1ff eor.l   dd    adr16
b1b9 f1ff eor.l   dd    adr32
b1c0 f1f8 cmpa.l  ds    ad
b1c8 f1f8 cmpa.l  as    ad
b1d0 f1f8 cmpa.l  ais   ad
b1d8 f1f8 cmpa.l  aips  ad
b1e0 f1f8 cmpa.l  pais  ad
b1e8 f1f8 cmpa.l  das   ad
b1f0 f1f8 cmpa.l  dais  ad
b1f8 f1ff cmpa.l  adr16 ad
b1f9 f1ff cmpa.l  adr32 ad
b1fa f1ff cmpa.l  dpc   ad
b1fb f1ff cmpa.l  dpci  ad
b1fc f1ff cmpa.l  imm32 ad
c000 f1f8 and.b   ds    dd
c010 f1f8 and.b   ais   dd
c018 f1f8 and.b   aips  dd
c020 f1f8 and.b   pais  dd
c028 f1f8 and.b   das   dd
c030 f1f8 and.b   dais  dd
c038 f1ff and.b   adr16 dd
c039 f1ff and.b   adr32 dd
c03a f1ff and.b   dpc   dd
c03b f1ff and.b   dpci  dd
c03c f1ff and.b   imm8  dd
c040 f1f8 and.w   ds    dd
c050 f1f8 and.w   ais   dd
c058 f1f8 and.w   aips  dd
c060 f1f8 and.w   pais  dd
c068 f1f8 and.w   das   dd
c070 f1f8 and.w   dais  dd
c078 f1ff and.w   adr16 dd
c079 f1ff and.w   adr32 dd
c07a f1ff and.w   dpc   dd
c07b f1ff and.w   dpci  dd
c07c f1ff and.w   imm16 dd
c080 f1f8 and.l   ds    dd
c090 f1f8 and.l   ais   dd
c098 f1f8 and.l   aips  dd
c0a0 f1f8 and.l   pais  dd
c0a8 f1f8 and.l   das   dd
c0b0 f1f8 and.l   dais  dd
c0b8 f1ff and.l   adr16 dd
c0b9 f1ff and.l   adr32 dd
c0ba f1ff and.l   dpc   dd
c0bb f1ff and.l   dpci  dd
c0bc f1ff and.l   imm32 dd
c0c0 f1f8 mulu.w  ds    dd
c0d0 f1f8 mulu.w  ais   dd
c0d8 f1f8 mulu.w  aips  dd
c0e0 f1f8 mulu.w  pais  dd
c0e8 f1f8 mulu.w  das   dd
c0f0 f1f8 mulu.w  dais  dd
c0f8 f1ff mulu.w  adr16 dd
c0f9 f1ff mulu.w  adr32 dd
c0fa f1ff mulu.w  dpc   dd
c0fb f1ff mulu.w  dpci  dd
c0fc f1ff mulu.w  imm16 dd
c100 f1f8 abcd    ds    dd
c108 f1f8 abcd    pais  paid
c110 f1f8 and.b   dd    ais
c118 f1f8 and.b   dd    aips
c120 f1f8 and.b   dd    pais
c128 f1f8 and.b   dd    das
c130 f1f8 and.b   dd    dais
c138 f1ff and.b   dd    adr16
c139 f1ff and.b   dd    adr32
c140 f1f8 exg     dd    ds
c148 f1f8 exg     ad    as
c150 f1f8 and.w   dd    ais
c158 f1f8 and.w   dd    aips
c160 f1f8 and.w   dd    pais
c168 f1f8 and.w   dd    das
c170 f1f8 and.w   dd    dais
c178 f1ff and.w   dd    adr16
c179 f1ff and.w   dd    adr32
c188 f1f8 exg     dd    as
c190 f1f8 and.l   dd    ais
c198 f1f8 and.l   dd    aips
c1a0 f1f8 and.l   dd    pais
c1a8 f1f8 and.l   dd    das
c1b0 f1f8 and.l   dd    dais
c1b8 f1ff and.l   dd    adr16
c1b9 f1ff and.l   dd    adr32
c1c0 f1f8 muls.w  ds    dd
c1d0 f1f8 muls.w  ais   dd
c1d8 f1f8 muls.w  aips  dd
c1e0 f1f8 muls.w  pais  dd
c1e8 f1f8 muls.w  das   dd
c1f0 f1f8 muls.w  dais  dd
c1f8 f1ff muls.w  adr16 dd
c1f9 f1ff muls.w  adr32 dd
c1fa f1ff muls.w  dpc   dd
c1fb f1ff muls.w  dpci  dd
c1fc f1ff muls.w  imm16 dd
d000 f1f8 add.b   ds    dd
d010 f1f8 add.b   ais   dd
d018 f1f8 add.b   aips  dd
d020 f1f8 add.b   pais  dd
d028 f1f8 add.b   das   dd
d030 f1f8 add.b   dais  dd
d038 f1ff add.b   adr16 dd
d039 f1ff add.b   adr32 dd
d03a f1ff add.b   dpc   dd
d03b f1ff add.b   dpci  dd
d03c f1ff add.b   imm8  dd
d040 f1f8 add.w   ds    dd
d048 f1f8 add.w   as    dd
d050 f1f8 add.w   ais   dd
d058 f1f8 add.w   aips  dd
d060 f1f8 add.w   pais  dd
d068 f1f8 add.w   das   dd
d070 f1f8 add.w   dais  dd
d078 f1ff add.w   adr16 dd
d079 f1ff add.w   adr32 dd
d07a f1ff add.w   dpc   dd
d07b f1ff add.w   dpci  dd
d07c f1ff add.w   imm16 dd
d080 f1f8 add.l   ds    dd
d088 f1f8 add.l   as    dd
d090 f1f8 add.l   ais   dd
d098 f1f8 add.l   aips  dd
d0a0 f1f8 add.l   pais  dd
d0a8 f1f8 add.l   das   dd
d0b0 f1f8 add.l   dais  dd
d0b8 f1ff add.l   adr16 dd
d0b9 f1ff add.l   adr32 dd
d0ba f1ff add.l   dpc   dd
d0bb f1ff add.l   dpci  dd
d0bc f1ff add.l   imm32 dd
d0c0 f1f8 adda.w  ds    ad
d0c8 f1f8 adda.w  as    ad
d0d0 f1f8 adda.w  ais   ad
d0d8 f1f8 adda.w  aips  ad
d0e0 f1f8 adda.w  pais  ad
d0e8 f1f8 adda.w  das   ad
d0f0 f1f8 adda.w  dais  ad
d0f8 f1ff adda.w  adr16 ad
d0f9 f1ff adda.w  adr32 ad
d0fa f1ff adda.w  dpc   ad
d0fb f1ff adda.w  dpci  ad
d0fc f1ff adda.w  imm16 ad
d100 f1f8 addx.b  ds    dd
d108 f1f8 addx.b  pais  paid
d110 f1f8 add.b   dd    ais
d118 f1f8 add.b   dd    aips
d120 f1f8 add.b   dd    pais
d128 f1f8 add.b   dd    das
d130 f1f8 add.b   dd    dais
d138 f1ff add.b   dd    adr16
d139 f1ff add.b   dd    adr32
d140 f1f8 addx.w  ds    dd
d148 f1f8 addx.w  pais  paid
d150 f1f8 add.w   dd    ais
d158 f1f8 add.w   dd    aips
d160 f1f8 add.w   dd    pais
d168 f1f8 add.w   dd    das
d170 f1f8 add.w   dd    dais
d178 f1ff add.w   dd    adr16
d179 f1ff add.w   dd    adr32
d180 f1f8 addx.l  ds    dd
d188 f1f8 addx.l  pais  paid
d190 f1f8 add.l   dd    ais
d198 f1f8 add.l   dd    aips
d1a0 f1f8 add.l   dd    pais
d1a8 f1f8 add.l   dd    das
d1b0 f1f8 add.l   dd    dais
d1b8 f1ff add.l   dd    adr16
d1b9 f1ff add.l   dd    adr32
d1c0 f1f8 adda.l  ds    ad
d1c8 f1f8 adda.l  as    ad
d1d0 f1f8 adda.l  ais   ad
d1d8 f1f8 adda.l  aips  ad
d1e0 f1f8 adda.l  pais  ad
d1e8 f1f8 adda.l  das   ad
d1f0 f1f8 adda.l  dais  ad
d1f8 f1ff adda.l  adr16 ad
d1f9 f1ff adda.l  adr32 ad
d1fa f1ff adda.l  dpc   ad
d1fb f1ff adda.l  dpci  ad
d1fc f1ff adda.l  imm32 ad
e000 f1f8 asr.b   imm3  ds
e008 f1f8 lsr.b   imm3  ds
e010 f1f8 roxr.b  imm3  ds
e018 f1f8 ror.b   imm3  ds
e020 f1f8 asr.b   dd    ds
e028 f1f8 lsr.b   dd    ds
e030 f1f8 roxr.b  dd    ds
e038 f1f8 ror.b   dd    ds
e040 f1f8 asr.w   imm3  ds
e048 f1f8 lsr.w   imm3  ds
e050 f1f8 roxr.w  imm3  ds
e058 f1f8 ror.w   imm3  ds
e060 f1f8 asr.w   dd    ds
e068 f1f8 lsr.w   dd    ds
e070 f1f8 roxr.w  dd    ds
e078 f1f8 ror.w   dd    ds
e080 f1f8 asr.l   imm3  ds
e088 f1f8 lsr.l   imm3  ds
e090 f1f8 roxr.l  imm3  ds
e098 f1f8 ror.l   imm3  ds
e0a0 f1f8 asr.l   dd    ds
e0a8 f1f8 lsr.l   dd    ds
e0b0 f1f8 roxr.l  dd    ds
e0b8 f1f8 ror.l   dd    ds
e0d0 fff8 asr     ais   -
e0d8 fff8 asr     aips  -
e0e0 fff8 asr     pais  -
e0e8 fff8 asr     das   -
e0f0 fff8 asr     dais  -
e0f8 ffff asr     adr16 -
e0f9 ffff asr     adr32 -
e100 f1f8 asl.b   imm3  ds
e108 f1f8 lsl.b   imm3  ds
e110 f1f8 roxl.b  imm3  ds
e118 f1f8 rol.b   imm3  ds
e120 f1f8 asl.b   dd    ds
e128 f1f8 lsl.b   dd    ds
e130 f1f8 roxl.b  dd    ds
e138 f1f8 rol.b   dd    ds
e140 f1f8 asl.w   imm3  ds
e148 f1f8 lsl.w   imm3  ds
e150 f1f8 roxl.w  imm3  ds
e158 f1f8 rol.w   imm3  ds
e160 f1f8 asl.w   dd    ds
e168 f1f8 lsl.w   dd    ds
e170 f1f8 roxl.w  dd    ds
e178 f1f8 rol.w   dd    ds
e180 f1f8 asl.l   imm3  ds
e188 f1f8 lsl.l   imm3  ds
e190 f1f8 roxl.l  imm3  ds
e198 f1f8 rol.l   imm3  ds
e1a0 f1f8 asl.l   dd    ds
e1a8 f1f8 lsl.l   dd    ds
e1b0 f1f8 roxl.l  dd    ds
e1b8 f1f8 rol.l   dd    ds
e1d0 fff8 asl     ais   -
e1d8 fff8 asl     aips  -
e1e0 fff8 asl     pais  -
e1e8 fff8 asl     das   -
e1f0 fff8 asl     dais  -
e1f8 ffff asl     adr16 -
e1f9 ffff asl     adr32 -
e2d0 fff8 lsr     ais   -
e2d8 fff8 lsr     aips  -
e2e0 fff8 lsr     pais  -
e2e8 fff8 lsr     das   -
e2f0 fff8 lsr     dais  -
e2f8 ffff lsr     adr16 -
e2f9 ffff lsr     adr32 -
e3d0 fff8 lsl     ais   -
e3d8 fff8 lsl     aips  -
e3e0 fff8 lsl     pais  -
e3e8 fff8 lsl     das   -
e3f0 fff8 lsl     dais  -
e3f8 ffff lsl     adr16 -
e3f9 ffff lsl     adr32 -
e4d0 fff8 roxr    ais   -
e4d8 fff8 roxr    aips  -
e4e0 fff8 roxr    pais  -
e4e8 fff8 roxr    das   -
e4f0 fff8 roxr    dais  -
e4f8 ffff roxr    adr16 -
e4f9 ffff roxr    adr32 -
e5d0 fff8 roxl    ais   -
e5d8 fff8 roxl    aips  -
e5e0 fff8 roxl    pais  -
e5e8 fff8 roxl    das   -
e5f0 fff8 roxl    dais  -
e5f8 ffff roxl    adr16 -
e5f9 ffff roxl    adr32 -
e6d0 fff8 ror     ais   -
e6d8 fff8 ror     aips  -
e6e0 fff8 ror     pais  -
e6e8 fff8 ror     das   -
e6f0 fff8 ror     dais  -
e6f8 ffff ror     adr16 -
e6f9 ffff ror     adr32 -
e7d0 fff8 rol     ais   -
e7d8 fff8 rol     aips  -
e7e0 fff8 rol     pais  -
e7e8 fff8 rol     das   -
e7f0 fff8 rol     dais  -
e7f8 ffff rol     adr16 -
e7f9 ffff rol     adr32 -
f000 f000 linef   imm12 -
